<?xml version="1.0" encoding="UTF-8"?>
<testsuite name="isNotLeapYear" tests="2" skipped="0" failures="0" errors="0" timestamp="2022-10-06T19:35:57" hostname="MARTIND" time="0.006">
  <properties/>
  <testcase name="number_is_not_leapyear_when_dividable_by_100_and_not_400()" classname="isNotLeapYear" time="0.002"/>
  <testcase name="number_is_not_leapyear_when_not_dividable_by_4()" classname="isNotLeapYear" time="0.002"/>
  <system-out><![CDATA[]]></system-out>
  <system-err><![CDATA[]]></system-err>
</testsuite>
